# JRE version: Java(TM) SE Runtime Environment (9.0+11) (build 9.0.4+11)
# Java VM: Java HotSpot(TM) 64-Bit Server VM (9.0.4+11, mixed mode, tiered, compressed oops, g1 gc, windows-amd64)
Heap:
 garbage-first heap   total 189440K, used 111812K [0x0000000700000000, 0x00000007001005c8, 0x00000007c0000000)
  region size 1024K, 16 young (16384K), 1 survivors (1024K)
 Metaspace       used 90269K, capacity 96169K, committed 96512K, reserved 1132544K
  class space    used 12677K, capacity 13707K, committed 13824K, reserved 1048576K
GC Heap History (10 events):
Event: 1100.907 GC heap before
{Heap before GC invocations=122 (full 7):
 garbage-first heap   total 189440K, used 157725K [0x0000000700000000, 0x00000007001005c8, 0x00000007c0000000)
  region size 1024K, 60 young (61440K), 1 survivors (1024K)
 Metaspace       used 90060K, capacity 95933K, committed 96128K, reserved 1132544K
  class space    used 12658K, capacity 13673K, committed 13696K, reserved 1048576K
}
Event: 1100.908 GC heap after
{Heap after GC invocations=123 (full 7):
 garbage-first heap   total 189440K, used 97275K [0x0000000700000000, 0x00000007001005c8, 0x00000007c0000000)
  region size 1024K, 1 young (1024K), 1 survivors (1024K)
 Metaspace       used 90060K, capacity 95933K, committed 96128K, reserved 1132544K
  class space    used 12658K, capacity 13673K, committed 13696K, reserved 1048576K
}
Event: 1102.419 GC heap before
{Heap before GC invocations=123 (full 7):
 garbage-first heap   total 189440K, used 157691K [0x0000000700000000, 0x00000007001005c8, 0x00000007c0000000)
  region size 1024K, 60 young (61440K), 1 survivors (1024K)
 Metaspace       used 90060K, capacity 95933K, committed 96128K, reserved 1132544K
  class space    used 12658K, capacity 13673K, committed 13696K, reserved 1048576K
}
Event: 1102.422 GC heap after
{Heap after GC invocations=124 (full 7):
 garbage-first heap   total 189440K, used 97272K [0x0000000700000000, 0x00000007001005c8, 0x00000007c0000000)
  region size 1024K, 1 young (1024K), 1 survivors (1024K)
 Metaspace       used 90060K, capacity 95933K, committed 96128K, reserved 1132544K
  class space    used 12658K, capacity 13673K, committed 13696K, reserved 1048576K
}
Event: 1102.598 GC heap before
{Heap before GC invocations=125 (full 7):
 garbage-first heap   total 189440K, used 157688K [0x0000000700000000, 0x00000007001005c8, 0x00000007c0000000)
  region size 1024K, 60 young (61440K), 1 survivors (1024K)
 Metaspace       used 90060K, capacity 95933K, committed 96128K, reserved 1132544K
  class space    used 12658K, capacity 13673K, committed 13696K, reserved 1048576K
}
Event: 1102.600 GC heap after
{Heap after GC invocations=126 (full 7):
 garbage-first heap   total 189440K, used 97280K [0x0000000700000000, 0x00000007001005c8, 0x00000007c0000000)
  region size 1024K, 1 young (1024K), 1 survivors (1024K)
 Metaspace       used 90060K, capacity 95933K, committed 96128K, reserved 1132544K
  class space    used 12658K, capacity 13673K, committed 13696K, reserved 1048576K
}
Event: 1102.766 GC heap before
{Heap before GC invocations=126 (full 7):
 garbage-first heap   total 189440K, used 157696K [0x0000000700000000, 0x00000007001005c8, 0x00000007c0000000)
  region size 1024K, 60 young (61440K), 1 survivors (1024K)
 Metaspace       used 90060K, capacity 95933K, committed 96128K, reserved 1132544K
  class space    used 12658K, capacity 13673K, committed 13696K, reserved 1048576K
}
Event: 1102.768 GC heap after
{Heap after GC invocations=127 (full 7):
 garbage-first heap   total 189440K, used 97289K [0x0000000700000000, 0x00000007001005c8, 0x00000007c0000000)
  region size 1024K, 1 young (1024K), 1 survivors (1024K)
 Metaspace       used 90060K, capacity 95933K, committed 96128K, reserved 1132544K
  class space    used 12658K, capacity 13673K, committed 13696K, reserved 1048576K
}
Event: 1104.022 GC heap before
{Heap before GC invocations=128 (full 7):
 garbage-first heap   total 189440K, used 157705K [0x0000000700000000, 0x00000007001005c8, 0x00000007c0000000)
  region size 1024K, 60 young (61440K), 1 survivors (1024K)
 Metaspace       used 90206K, capacity 96093K, committed 96256K, reserved 1132544K
  class space    used 12673K, capacity 13705K, committed 13824K, reserved 1048576K
}
Event: 1104.024 GC heap after
{Heap after GC invocations=129 (full 7):
 garbage-first heap   total 189440K, used 97476K [0x0000000700000000, 0x00000007001005c8, 0x00000007c0000000)
  region size 1024K, 1 young (1024K), 1 survivors (1024K)
 Metaspace       used 90206K, capacity 96093K, committed 96256K, reserved 1132544K
  class space    used 12673K, capacity 13705K, committed 13824K, reserved 1048576K
}

